e:\_aie\2017_melbourne_yr2\sem1\engine system\graphics engine ver0\graphicsengine\glfw3\x64\debug\glfw3.pdb
e:\_aie\2017_melbourne_yr2\sem1\engine system\graphics engine ver0\graphicsengine\glfw3\x64\debug\glfw3.idb
e:\_aie\2017_melbourne_yr2\sem1\engine system\graphics engine ver0\graphicsengine\glfw3\x64\debug\egl_context.obj
e:\_aie\2017_melbourne_yr2\sem1\engine system\graphics engine ver0\graphicsengine\glfw3\x64\debug\init.obj
e:\_aie\2017_melbourne_yr2\sem1\engine system\graphics engine ver0\graphicsengine\glfw3\x64\debug\input.obj
e:\_aie\2017_melbourne_yr2\sem1\engine system\graphics engine ver0\graphicsengine\glfw3\x64\debug\monitor.obj
e:\_aie\2017_melbourne_yr2\sem1\engine system\graphics engine ver0\graphicsengine\glfw3\x64\debug\vulkan.obj
e:\_aie\2017_melbourne_yr2\sem1\engine system\graphics engine ver0\graphicsengine\glfw3\x64\debug\wgl_context.obj
e:\_aie\2017_melbourne_yr2\sem1\engine system\graphics engine ver0\graphicsengine\glfw3\x64\debug\win32_init.obj
e:\_aie\2017_melbourne_yr2\sem1\engine system\graphics engine ver0\graphicsengine\glfw3\x64\debug\win32_joystick.obj
e:\_aie\2017_melbourne_yr2\sem1\engine system\graphics engine ver0\graphicsengine\glfw3\x64\debug\win32_time.obj
e:\_aie\2017_melbourne_yr2\sem1\engine system\graphics engine ver0\graphicsengine\glfw3\x64\debug\win32_tls.obj
e:\_aie\2017_melbourne_yr2\sem1\engine system\graphics engine ver0\graphicsengine\glfw3\x64\debug\win32_window.obj
e:\_aie\2017_melbourne_yr2\sem1\engine system\graphics engine ver0\graphicsengine\glfw3\x64\debug\window.obj
e:\_aie\2017_melbourne_yr2\sem1\engine system\graphics engine ver0\graphicsengine\glfw3\x64\debug\xkb_unicode.obj
e:\_aie\2017_melbourne_yr2\sem1\engine system\graphics engine ver0\graphicsengine\glfw3\x64\debug\context.obj
e:\_aie\2017_melbourne_yr2\sem1\engine system\graphics engine ver0\graphicsengine\glfw3\x64\debug\win32_monitor.obj
e:\_aie\2017_melbourne_yr2\sem1\engine system\graphics engine ver0\graphicsengine\x64\debug\glfw3.lib
e:\_aie\2017_melbourne_yr2\sem1\engine system\graphics engine ver0\graphicsengine\x64\debug\glfw3.pdb
e:\_aie\2017_melbourne_yr2\sem1\engine system\graphics engine ver0\graphicsengine\glfw3\x64\debug\glfw3.tlog\cl.command.1.tlog
e:\_aie\2017_melbourne_yr2\sem1\engine system\graphics engine ver0\graphicsengine\glfw3\x64\debug\glfw3.tlog\cl.read.1.tlog
e:\_aie\2017_melbourne_yr2\sem1\engine system\graphics engine ver0\graphicsengine\glfw3\x64\debug\glfw3.tlog\cl.write.1.tlog
e:\_aie\2017_melbourne_yr2\sem1\engine system\graphics engine ver0\graphicsengine\glfw3\x64\debug\glfw3.tlog\lib-link.read.1.tlog
e:\_aie\2017_melbourne_yr2\sem1\engine system\graphics engine ver0\graphicsengine\glfw3\x64\debug\glfw3.tlog\lib-link.write.1.tlog
e:\_aie\2017_melbourne_yr2\sem1\engine system\graphics engine ver0\graphicsengine\glfw3\x64\debug\glfw3.tlog\lib.command.1.tlog
